warning: ignoring unsupported tag `MARKDOWN_SUPPORT       =' at line 283, file /home/travis/build/ocra-recipes/web/ocra-wbi-plugins/docs/Doxyfile_Travis
warning: ignoring unsupported tag `AUTOLINK_SUPPORT       =' at line 291, file /home/travis/build/ocra-recipes/web/ocra-wbi-plugins/docs/Doxyfile_Travis
warning: ignoring unsupported tag `EXTRACT_PACKAGE        =' at line 413, file /home/travis/build/ocra-recipes/web/ocra-wbi-plugins/docs/Doxyfile_Travis
warning: ignoring unsupported tag `SHOW_GROUPED_MEMB_INC  =' at line 510, file /home/travis/build/ocra-recipes/web/ocra-wbi-plugins/docs/Doxyfile_Travis
warning: ignoring unsupported tag `USE_MDFILE_AS_MAINPAGE =' at line 882, file /home/travis/build/ocra-recipes/web/ocra-wbi-plugins/docs/Doxyfile_Travis
warning: ignoring unsupported tag `SOURCE_TOOLTIPS        =' at line 938, file /home/travis/build/ocra-recipes/web/ocra-wbi-plugins/docs/Doxyfile_Travis
warning: ignoring unsupported tag `HTML_EXTRA_STYLESHEET  =' at line 1071, file /home/travis/build/ocra-recipes/web/ocra-wbi-plugins/docs/Doxyfile_Travis
warning: ignoring unsupported tag `HTML_INDEX_NUM_ENTRIES =' at line 1140, file /home/travis/build/ocra-recipes/web/ocra-wbi-plugins/docs/Doxyfile_Travis
warning: ignoring unsupported tag `MATHJAX_FORMAT         =' at line 1420, file /home/travis/build/ocra-recipes/web/ocra-wbi-plugins/docs/Doxyfile_Travis
warning: ignoring unsupported tag `MATHJAX_CODEFILE       =' at line 1448, file /home/travis/build/ocra-recipes/web/ocra-wbi-plugins/docs/Doxyfile_Travis
warning: ignoring unsupported tag `EXTERNAL_SEARCH        =' at line 1497, file /home/travis/build/ocra-recipes/web/ocra-wbi-plugins/docs/Doxyfile_Travis
warning: ignoring unsupported tag `SEARCHENGINE_URL       =' at line 1508, file /home/travis/build/ocra-recipes/web/ocra-wbi-plugins/docs/Doxyfile_Travis
warning: ignoring unsupported tag `SEARCHDATA_FILE        =' at line 1516, file /home/travis/build/ocra-recipes/web/ocra-wbi-plugins/docs/Doxyfile_Travis
warning: ignoring unsupported tag `EXTERNAL_SEARCH_ID     =' at line 1524, file /home/travis/build/ocra-recipes/web/ocra-wbi-plugins/docs/Doxyfile_Travis
warning: ignoring unsupported tag `EXTRA_SEARCH_MAPPINGS  =' at line 1534, file /home/travis/build/ocra-recipes/web/ocra-wbi-plugins/docs/Doxyfile_Travis
warning: ignoring unsupported tag `LATEX_EXTRA_FILES      =' at line 1628, file /home/travis/build/ocra-recipes/web/ocra-wbi-plugins/docs/Doxyfile_Travis
warning: ignoring unsupported tag `GENERATE_DOCBOOK       =' at line 1809, file /home/travis/build/ocra-recipes/web/ocra-wbi-plugins/docs/Doxyfile_Travis
warning: ignoring unsupported tag `DOCBOOK_OUTPUT         =' at line 1817, file /home/travis/build/ocra-recipes/web/ocra-wbi-plugins/docs/Doxyfile_Travis
warning: ignoring unsupported tag `EXTERNAL_PAGES         =' at line 1990, file /home/travis/build/ocra-recipes/web/ocra-wbi-plugins/docs/Doxyfile_Travis
warning: ignoring unsupported tag `DIA_PATH               =' at line 2025, file /home/travis/build/ocra-recipes/web/ocra-wbi-plugins/docs/Doxyfile_Travis
warning: ignoring unsupported tag `UML_LIMIT_NUM_FIELDS   =' at line 2119, file /home/travis/build/ocra-recipes/web/ocra-wbi-plugins/docs/Doxyfile_Travis
warning: ignoring unsupported tag `DIAFILE_DIRS           =' at line 2231, file /home/travis/build/ocra-recipes/web/ocra-wbi-plugins/docs/Doxyfile_Travis
Notice: Output directory `/home/travis/build/ocra-recipes/web/doxy-ocra-wbi-plugins' does not exist. I have created it for you.
Searching for include files...
Searching for example files...
Searching for images...
Searching for dot files...
Searching for msc files...
Searching for files to exclude
Searching for files to process...
Searching for files in directory /home/travis/build/ocra-recipes/web/ocra-wbi-plugins/ocra-icub-server
Searching for files in directory /home/travis/build/ocra-recipes/web/ocra-wbi-plugins/ocra-icub-server/app
Searching for files in directory /home/travis/build/ocra-recipes/web/ocra-wbi-plugins/ocra-icub-server/app/conf
Searching for files in directory /home/travis/build/ocra-recipes/web/ocra-wbi-plugins/ocra-icub-server/app/robots
Searching for files in directory /home/travis/build/ocra-recipes/web/ocra-wbi-plugins/ocra-icub-server/app/robots/icubGazeboSim
Searching for files in directory /home/travis/build/ocra-recipes/web/ocra-wbi-plugins/ocra-icub-server/app/robots/icubGazeboSim/taskSets
Searching for files in directory /home/travis/build/ocra-recipes/web/ocra-wbi-plugins/ocra-icub-server/app/robots/iCubGenova03
Searching for files in directory /home/travis/build/ocra-recipes/web/ocra-wbi-plugins/ocra-icub-server/app/robots/iCubGenova03/taskSets
Searching for files in directory /home/travis/build/ocra-recipes/web/ocra-wbi-plugins/ocra-icub-server/app/robots/iCubParis01
Searching for files in directory /home/travis/build/ocra-recipes/web/ocra-wbi-plugins/ocra-icub-server/app/robots/iCubParis01/taskSets
Searching for files in directory /home/travis/build/ocra-recipes/web/ocra-wbi-plugins/ocra-icub-server/app/robots/iCubParis02
Searching for files in directory /home/travis/build/ocra-recipes/web/ocra-wbi-plugins/ocra-icub-server/app/robots/iCubParis02/taskSets
Searching for files in directory /home/travis/build/ocra-recipes/web/ocra-wbi-plugins/ocra-icub-server/app/scripts
Searching for files in directory /home/travis/build/ocra-recipes/web/ocra-wbi-plugins/ocra-icub-server/include
Searching for files in directory /home/travis/build/ocra-recipes/web/ocra-wbi-plugins/ocra-icub-server/include/ocra-icub-server
Searching for files in directory /home/travis/build/ocra-recipes/web/ocra-wbi-plugins/ocra-icub-server/src
Searching for files in directory /home/travis/build/ocra-recipes/web/ocra-wbi-plugins/ocra-icub-clients
Searching for files in directory /home/travis/build/ocra-recipes/web/ocra-wbi-plugins/ocra-icub-clients/example-client
Searching for files in directory /home/travis/build/ocra-recipes/web/ocra-wbi-plugins/ocra-icub-clients/example-client/include
Searching for files in directory /home/travis/build/ocra-recipes/web/ocra-wbi-plugins/ocra-icub-clients/example-client/include/example-client
Searching for files in directory /home/travis/build/ocra-recipes/web/ocra-wbi-plugins/ocra-icub-clients/example-client/src
Searching for files in directory /home/travis/build/ocra-recipes/web/ocra-wbi-plugins/ocra-icub-clients/sitting-demo
Searching for files in directory /home/travis/build/ocra-recipes/web/ocra-wbi-plugins/ocra-icub-clients/sitting-demo/include
Searching for files in directory /home/travis/build/ocra-recipes/web/ocra-wbi-plugins/ocra-icub-clients/sitting-demo/include/sitting-demo
Searching for files in directory /home/travis/build/ocra-recipes/web/ocra-wbi-plugins/ocra-icub-clients/sitting-demo/src
Searching for files in directory /home/travis/build/ocra-recipes/web/ocra-wbi-plugins/ocra-icub-clients/standing-demo
Searching for files in directory /home/travis/build/ocra-recipes/web/ocra-wbi-plugins/ocra-icub-clients/standing-demo/include
Searching for files in directory /home/travis/build/ocra-recipes/web/ocra-wbi-plugins/ocra-icub-clients/standing-demo/include/standing-demo
Searching for files in directory /home/travis/build/ocra-recipes/web/ocra-wbi-plugins/ocra-icub-clients/standing-demo/src
Searching for files in directory /home/travis/build/ocra-recipes/web/ocra-wbi-plugins/ocra-icub-clients/stepping-demo
Searching for files in directory /home/travis/build/ocra-recipes/web/ocra-wbi-plugins/ocra-icub-clients/stepping-demo/include
Searching for files in directory /home/travis/build/ocra-recipes/web/ocra-wbi-plugins/ocra-icub-clients/stepping-demo/include/stepping-demo
Searching for files in directory /home/travis/build/ocra-recipes/web/ocra-wbi-plugins/ocra-icub-clients/stepping-demo/src
Searching for files in directory /home/travis/build/ocra-recipes/web/ocra-wbi-plugins/ocra-icub-clients/task-operations-demo
Searching for files in directory /home/travis/build/ocra-recipes/web/ocra-wbi-plugins/ocra-icub-clients/task-operations-demo/include
Searching for files in directory /home/travis/build/ocra-recipes/web/ocra-wbi-plugins/ocra-icub-clients/task-operations-demo/include/task-operations-demo
Searching for files in directory /home/travis/build/ocra-recipes/web/ocra-wbi-plugins/ocra-icub-clients/task-operations-demo/src
Searching for files in directory /home/travis/build/ocra-recipes/web/ocra-wbi-plugins/ocra-icub-clients/walking-client
Searching for files in directory /home/travis/build/ocra-recipes/web/ocra-wbi-plugins/ocra-icub-clients/walking-client/app
Searching for files in directory /home/travis/build/ocra-recipes/web/ocra-wbi-plugins/ocra-icub-clients/walking-client/app/robots
Searching for files in directory /home/travis/build/ocra-recipes/web/ocra-wbi-plugins/ocra-icub-clients/walking-client/app/robots/icubGazeboSim
Searching for files in directory /home/travis/build/ocra-recipes/web/ocra-wbi-plugins/ocra-icub-clients/walking-client/app/scripts
Searching for files in directory /home/travis/build/ocra-recipes/web/ocra-wbi-plugins/ocra-icub-clients/walking-client/include
Searching for files in directory /home/travis/build/ocra-recipes/web/ocra-wbi-plugins/ocra-icub-clients/walking-client/include/walking-client
Searching for files in directory /home/travis/build/ocra-recipes/web/ocra-wbi-plugins/ocra-icub-clients/walking-client/src
Searching for files in directory /home/travis/build/ocra-recipes/web/ocra-wbi-plugins/ocra-icub
Searching for files in directory /home/travis/build/ocra-recipes/web/ocra-wbi-plugins/ocra-icub/include
Searching for files in directory /home/travis/build/ocra-recipes/web/ocra-wbi-plugins/ocra-icub/include/ocra-icub
Searching for files in directory /home/travis/build/ocra-recipes/web/ocra-wbi-plugins/ocra-icub/src
Reading and parsing tag files
Preprocessing /home/travis/build/ocra-recipes/web/ocra-wbi-plugins/ocra-icub-server/include/ocra-icub-server/IcubControllerServer.h...
Parsing file /home/travis/build/ocra-recipes/web/ocra-wbi-plugins/ocra-icub-server/include/ocra-icub-server/IcubControllerServer.h...
Preprocessing /home/travis/build/ocra-recipes/web/ocra-wbi-plugins/ocra-icub-server/include/ocra-icub-server/Module.h...
Parsing file /home/travis/build/ocra-recipes/web/ocra-wbi-plugins/ocra-icub-server/include/ocra-icub-server/Module.h...
Preprocessing /home/travis/build/ocra-recipes/web/ocra-wbi-plugins/ocra-icub-server/include/ocra-icub-server/Thread.h...
Parsing file /home/travis/build/ocra-recipes/web/ocra-wbi-plugins/ocra-icub-server/include/ocra-icub-server/Thread.h...
Preprocessing /home/travis/build/ocra-recipes/web/ocra-wbi-plugins/ocra-icub-server/src/IcubControllerServer.cpp...
Parsing file /home/travis/build/ocra-recipes/web/ocra-wbi-plugins/ocra-icub-server/src/IcubControllerServer.cpp...
Preprocessing /home/travis/build/ocra-recipes/web/ocra-wbi-plugins/ocra-icub-server/src/main.cpp...
Parsing file /home/travis/build/ocra-recipes/web/ocra-wbi-plugins/ocra-icub-server/src/main.cpp...
Preprocessing /home/travis/build/ocra-recipes/web/ocra-wbi-plugins/ocra-icub-server/src/Module.cpp...
Parsing file /home/travis/build/ocra-recipes/web/ocra-wbi-plugins/ocra-icub-server/src/Module.cpp...
Preprocessing /home/travis/build/ocra-recipes/web/ocra-wbi-plugins/ocra-icub-server/src/Thread.cpp...
Parsing file /home/travis/build/ocra-recipes/web/ocra-wbi-plugins/ocra-icub-server/src/Thread.cpp...
Preprocessing /home/travis/build/ocra-recipes/web/ocra-wbi-plugins/ocra-icub-clients/example-client/include/example-client/ExampleClient.h...
Parsing file /home/travis/build/ocra-recipes/web/ocra-wbi-plugins/ocra-icub-clients/example-client/include/example-client/ExampleClient.h...
Preprocessing /home/travis/build/ocra-recipes/web/ocra-wbi-plugins/ocra-icub-clients/example-client/src/example-client.cpp...
Parsing file /home/travis/build/ocra-recipes/web/ocra-wbi-plugins/ocra-icub-clients/example-client/src/example-client.cpp...
Preprocessing /home/travis/build/ocra-recipes/web/ocra-wbi-plugins/ocra-icub-clients/example-client/src/ExampleClient.cpp...
Parsing file /home/travis/build/ocra-recipes/web/ocra-wbi-plugins/ocra-icub-clients/example-client/src/ExampleClient.cpp...
Preprocessing /home/travis/build/ocra-recipes/web/ocra-wbi-plugins/ocra-icub-clients/sitting-demo/include/sitting-demo/SittingDemoClient.h...
Parsing file /home/travis/build/ocra-recipes/web/ocra-wbi-plugins/ocra-icub-clients/sitting-demo/include/sitting-demo/SittingDemoClient.h...
Preprocessing /home/travis/build/ocra-recipes/web/ocra-wbi-plugins/ocra-icub-clients/sitting-demo/src/main.cpp...
Parsing file /home/travis/build/ocra-recipes/web/ocra-wbi-plugins/ocra-icub-clients/sitting-demo/src/main.cpp...
Preprocessing /home/travis/build/ocra-recipes/web/ocra-wbi-plugins/ocra-icub-clients/sitting-demo/src/SittingDemoClient.cpp...
Parsing file /home/travis/build/ocra-recipes/web/ocra-wbi-plugins/ocra-icub-clients/sitting-demo/src/SittingDemoClient.cpp...
Preprocessing /home/travis/build/ocra-recipes/web/ocra-wbi-plugins/ocra-icub-clients/standing-demo/include/standing-demo/StandingDemoClient.h...
Parsing file /home/travis/build/ocra-recipes/web/ocra-wbi-plugins/ocra-icub-clients/standing-demo/include/standing-demo/StandingDemoClient.h...
Preprocessing /home/travis/build/ocra-recipes/web/ocra-wbi-plugins/ocra-icub-clients/standing-demo/src/main.cpp...
Parsing file /home/travis/build/ocra-recipes/web/ocra-wbi-plugins/ocra-icub-clients/standing-demo/src/main.cpp...
Preprocessing /home/travis/build/ocra-recipes/web/ocra-wbi-plugins/ocra-icub-clients/standing-demo/src/StandingDemoClient.cpp...
Parsing file /home/travis/build/ocra-recipes/web/ocra-wbi-plugins/ocra-icub-clients/standing-demo/src/StandingDemoClient.cpp...
Preprocessing /home/travis/build/ocra-recipes/web/ocra-wbi-plugins/ocra-icub-clients/stepping-demo/include/stepping-demo/SteppingDemoClient.h...
Parsing file /home/travis/build/ocra-recipes/web/ocra-wbi-plugins/ocra-icub-clients/stepping-demo/include/stepping-demo/SteppingDemoClient.h...
Preprocessing /home/travis/build/ocra-recipes/web/ocra-wbi-plugins/ocra-icub-clients/stepping-demo/src/stepping-demo.cpp...
Parsing file /home/travis/build/ocra-recipes/web/ocra-wbi-plugins/ocra-icub-clients/stepping-demo/src/stepping-demo.cpp...
Preprocessing /home/travis/build/ocra-recipes/web/ocra-wbi-plugins/ocra-icub-clients/stepping-demo/src/SteppingDemoClient.cpp...
Parsing file /home/travis/build/ocra-recipes/web/ocra-wbi-plugins/ocra-icub-clients/stepping-demo/src/SteppingDemoClient.cpp...
Preprocessing /home/travis/build/ocra-recipes/web/ocra-wbi-plugins/ocra-icub-clients/task-operations-demo/include/task-operations-demo/TaskOpsClient.h...
Parsing file /home/travis/build/ocra-recipes/web/ocra-wbi-plugins/ocra-icub-clients/task-operations-demo/include/task-operations-demo/TaskOpsClient.h...
Preprocessing /home/travis/build/ocra-recipes/web/ocra-wbi-plugins/ocra-icub-clients/task-operations-demo/src/task-operations-demo.cpp...
Parsing file /home/travis/build/ocra-recipes/web/ocra-wbi-plugins/ocra-icub-clients/task-operations-demo/src/task-operations-demo.cpp...
Preprocessing /home/travis/build/ocra-recipes/web/ocra-wbi-plugins/ocra-icub-clients/task-operations-demo/src/TaskOpsClient.cpp...
Parsing file /home/travis/build/ocra-recipes/web/ocra-wbi-plugins/ocra-icub-clients/task-operations-demo/src/TaskOpsClient.cpp...
Preprocessing /home/travis/build/ocra-recipes/web/ocra-wbi-plugins/ocra-icub-clients/walking-client/include/walking-client/WalkingClient.h...
Parsing file /home/travis/build/ocra-recipes/web/ocra-wbi-plugins/ocra-icub-clients/walking-client/include/walking-client/WalkingClient.h...
Preprocessing /home/travis/build/ocra-recipes/web/ocra-wbi-plugins/ocra-icub-clients/walking-client/include/walking-client/ZmpController.h...
Parsing file /h/home/travis/build/ocra-recipes/web/ocra-wbi-plugins/ocra-icub-server/src/main.cpp:1: warning: the name `main.cpp' supplied as the second argument in the \file statement matches the following input files:
   /home/travis/build/ocra-recipes/web/ocra-wbi-plugins/ocra-icub-server/src/main.cpp
   /home/travis/build/ocra-recipes/web/ocra-wbi-plugins/ocra-icub-clients/sitting-demo/src/main.cpp
   /home/travis/build/ocra-recipes/web/ocra-wbi-plugins/ocra-icub-clients/standing-demo/src/main.cpp
   /home/travis/build/ocra-recipes/web/ocra-wbi-plugins/ocra-icub-clients/walking-client/src/main.cpp
Please use a more specific name by including a (larger) part of the path!
ome/travis/build/ocra-recipes/web/ocra-wbi-plugins/ocra-icub-clients/walking-client/include/walking-client/ZmpController.h...
Preprocessing /home/travis/build/ocra-recipes/web/ocra-wbi-plugins/ocra-icub-clients/walking-client/include/walking-client/ZmpPreviewController.h...
Parsing file /home/travis/build/ocra-recipes/web/ocra-wbi-plugins/ocra-icub-clients/walking-client/include/walking-client/ZmpPreviewController.h...
Preprocessing /home/travis/build/ocra-recipes/web/ocra-wbi-plugins/ocra-icub-clients/walking-client/src/main.cpp...
Parsing file /home/travis/build/ocra-recipes/web/ocra-wbi-plugins/ocra-icub-clients/walking-client/src/main.cpp...
Preprocessing /home/travis/build/ocra-recipes/web/ocra-wbi-plugins/ocra-icub-clients/walking-client/src/WalkingClient.cpp...
Parsing file /home/travis/build/ocra-recipes/web/ocra-wbi-plugins/ocra-icub-clients/walking-client/src/WalkingClient.cpp...
Preprocessing /home/travis/build/ocra-recipes/web/ocra-wbi-plugins/ocra-icub-clients/walking-client/src/ZmpController.cpp...
Parsing file /home/travis/build/ocra-recipes/web/ocra-wbi-plugins/ocra-icub-clients/walking-client/src/ZmpController.cpp...
Preprocessing /home/travis/build/ocra-recipes/web/ocra-wbi-plugins/ocra-icub-clients/walking-client/src/ZmpPreviewController.cpp...
Parsing file /home/travis/build/ocra-recipes/web/ocra-wbi-plugins/ocra-icub-clients/walking-client/src/ZmpPreviewController.cpp...
Preprocessing /home/travis/build/ocra-recipes/web/ocra-wbi-plugins/ocra-icub/include/ocra-icub/IcubClient.h...
Parsing file /home/travis/build/ocra-recipes/web/ocra-wbi-plugins/ocra-icub/include/ocra-icub/IcubClient.h...
Preprocessing /home/travis/build/ocra-recipes/web/ocra-wbi-plugins/ocra-icub/include/ocra-icub/ModelInitializer.h...
Parsing file /home/travis/build/ocra-recipes/web/ocra-wbi-plugins/ocra-icub/include/ocra-icub/ModelInitializer.h...
Preprocessing /home/travis/build/ocra-recipes/web/ocra-wbi-plugins/ocra-icub/include/ocra-icub/OcraWbiConversions.h...
Parsing file /home/travis/build/ocra-recipes/web/ocra-wbi-plugins/ocra-icub/include/ocra-icub/OcraWbiConversions.h...
Preprocessing /home/travis/build/ocra-recipes/web/ocra-wbi-plugins/ocra-icub/include/ocra-icub/OcraWbiModel.h...
Parsing file /home/travis/build/ocra-recipes/web/ocra-wbi-plugins/ocra-icub/include/ocra-icub/OcraWbiModel.h...
Preprocessing /home/travis/build/ocra-recipes/web/ocra-wbi-plugins/ocra-icub/include/ocra-icub/Utilities.h...
Parsing file /home/travis/build/ocra-recipes/web/ocra-wbi-plugins/ocra-icub/include/ocra-icub/Utilities.h...
Preprocessing /home/travis/build/ocra-recipes/web/ocra-wbi-plugins/ocra-icub/src/ModelInitializer.cpp...
Parsing file /home/travis/build/ocra-recipes/web/ocra-wbi-plugins/ocra-icub/src/ModelInitializer.cpp...
Preprocessing /home/travis/build/ocra-recipes/web/ocra-wbi-plugins/ocra-icub/src/OcraWbiConversions.cpp...
Parsing file /home/travis/build/ocra-recipes/web/ocra-wbi-plugins/ocra-icub/src/OcraWbiConversions.cpp...
Preprocessing /home/travis/build/ocra-recipes/web/ocra-wbi-plugins/ocra-icub/src/OcraWbiModel.cpp...
Parsing file /home/travis/build/ocra-recipes/web/ocra-wbi-plugins/ocra-icub/src/OcraWbiModel.cpp...
Preprocessing /home/travis/build/ocra-recipes/web/ocra-wbi-plugins/ocra-icub/src/Utilities.cpp...
Parsing file /home/travis/build/ocra-recipes/web/ocra-wbi-plugins/ocra-icub/src/Utilities.cpp...
Preprocessing /home/travis/build/ocra-recipes/web/ocra-wbi-plugins/README.md...
Parsing file /home/travis/build/ocra-recipes/web/ocra-wbi-plugins/README.md...
Building group list...
Building directory list...
Building namespace list...
Building file list...
Building class list...
Associating documentation with classes...
Computing nesting relations for classes...
Building example list...
Searching for enumerations...
Searching for documented typedefs...
Searching for members imported via using declarations...
Searching for included using directives...
Searching for documented variables...
Building member list...
Searching for friends...
Searching for documented defines...
Computing class inheritance relations...
Computing class usage relations...
Flushing cached template relations that have become invalid...
Creating members for template instances...
Computing class relations...
Add enum values to enums...
Searching for member function documentation...
Building page list...
Search for main page...
Computing page relations...
Determining the scope of groups...
Sorting lists...
Freeing entry tree
Determining which enums are documented
Computing member relations...
Building full member lists recursively...
Adding members to member groups.
Computing member references...
Inheriting documentation...
Generating disk names...
Adding source references...
Adding xrefitems...
Sorting member lists...
Generating citations page...
Counting data structures...
Resolving user defined references...
Finding anchors and sections in the documentation...
Combining using relations...
Adding members to index pages...
Generating style sheet...
Generating search indices...
Generating example documentation...
Generating file sources...
Generating code for file ocra-wbi-plugins/ocra-icub-clients/example-client/include/example-client/ExampleClient.h...
Generating code for file ocra-wbi-plugins/ocra-icub-clients/sitting-demo/include/sitting-demo/SittingDemoClient.h...
Generating code for file ocra-wbi-plugins/ocra-icub-clients/standing-demo/include/standing-demo/StandingDemoClient.h...
Generating code for file ocra-wbi-plugins/ocra-icub-clients/stepping-demo/include/stepping-demo/SteppingDemoClient.h...
Generating code for file ocra-wbi-plugins/ocra-icub-clients/task-operations-demo/include/task-operations-demo/TaskOpsClient.h...
Generating code for file ocra-wbi-plugins/ocra-icub-clients/walking-client/include/walking-client/WalkingClient.h...
Generating code for file ocra-wbi-plugins/ocra-icub-clients/walking-client/include/walking-client/ZmpController.h...
Generating code for file ocra-wbi-plugins/ocra-icub-clients/walking-client/include/walking-client/ZmpPreviewController.h...
Generating code for file ocra-wbi-plugins/ocra-icub-server/include/ocra-icub-server/IcubControllerServer.h...
Generating code for file ocra-wbi-plugins/ocra-icub-server/include/ocra-icub-server/Module.h...
Generating code for file ocra-wbi-plugins/ocra-icub-server/include/ocra-icub-server/Thread.h...
Generating code for file ocra-wbi-plugins/ocra-icub/include/ocra-icub/IcubClient.h...
Generating code for file ocra-wbi-plugins/ocra-icub/include/ocra-icub/ModelInitializer.h...
Generating code for file ocra-wbi-plugins/ocra-icub/include/ocra-icub/OcraWbiConversions.h...
Generating code for file ocra-wbi-plugins/ocra-icub/include/ocra-icub/OcraWbiModel.h...
Generating code for file ocra-wbi-plugins/ocra-icub/include/ocra-icub/Utilities.h...
Generating file documentation...
Generating docs for file ocra-wbi-plugins/ocra-icub-clients/example-client/include/example-client/ExampleClient.h...
Generating docs for file ocra-wbi-plugins/ocra-icub-clients/example-client/src/example-client.cpp...
Generating docs for file ocra-wbi-plugins/ocra-icub-clients/example-client/src/ExampleClient.cpp...
Generating docs for file ocra-wbi-plugins/ocra-icub-clients/sitting-demo/include/sitting-demo/SittingDemoClient.h...
Generating docs for file ocra-wbi-plugins/ocra-icub-clients/sitting-demo/src/SittingDemoClient.cpp...
Generating docs for file ocra-wbi-plugins/ocra-icub-clients/standing-demo/include/standing-demo/StandingDemoClient.h...
Generating docs for file ocra-wbi-plugins/ocra-icub-clients/standing-demo/src/StandingDemoClient.cpp...
Generating docs for file ocra-wbi-plugins/ocra-icub-clients/stepping-demo/include/stepping-demo/SteppingDemoClient.h...
Generating docs for file ocra-wbi-plugins/ocra-icub-clients/stepping-demo/src/stepping-demo.cpp...
Generating docs for file ocra-wbi-plugins/ocra-icub-clients/stepping-demo/src/SteppingDemoClient.cpp...
Generating docs for file ocra-wbi-plugins/ocra-icub-clients/task-operations-demo/include/task-operations-demo/TaskOpsClient.h...
Generating docs for file ocra-wbi-plugins/ocra-icub-clients/task-operations-demo/src/task-operations-demo.cpp...
Generating docs focitelist:3: warning: expected <dt> tag but found <dl> instead!
citelist:4: warning: unexpected end of comment while looking for a html description title
/home/travis/build/ocra-recipes/web/ocra-wbi-plugins/ocra-icub-server/include/ocra-icub-server/Thread.h:114: warning: argument 'ctThreadPtr' of command @param is not found in the argument list of Thread::ControllerRpcServerCallback::ControllerRpcServerCallback(Thread &threadRef)
/home/travis/build/ocra-recipes/web/ocra-wbi-plugins/ocra-icub-server/include/ocra-icub-server/Thread.h:114: warning: The following parameters of Thread::ControllerRpcServerCallback::ControllerRpcServerCallback(Thread &threadRef) are not documented:
  parameter 'threadRef'
/home/travis/build/ocra-recipes/web/ocra-wbi-plugins/ocra-icub-server/include/ocra-icub-server/Thread.h:141: warning: argument 'ctThreadPtr' of command @param is not found in the argument list of Thread::DebugRpcServerCallback::DebugRpcServerCallback(Thread &threadRef)
/home/travis/build/ocra-recipes/web/ocra-wbi-plugins/ocra-icub-server/include/ocra-icub-server/Thread.h:141: warning: The following parameters of Thread::DebugRpcServerCallback::DebugRpcServerCallback(Thread &threadRef) are not documented:
  parameter 'threadRef'
/home/travis/build/ocra-recipes/web/ocra-wbi-plugins/ocra-icub-clients/walking-client/include/walking-client/WalkingClient.h:87: warning: argument 'zmpError' of command @param is not found in the argument list of WalkingClient::publish3dQuantity(yarp::os::BufferedPort< yarp::os::Bottle > &port, Eigen::Vector3d &value)
/home/travis/build/ocra-recipes/web/ocra-wbi-plugins/ocra-icub-clients/walking-client/include/walking-client/WalkingClient.h:87: warning: The following parameters of WalkingClient::publish3dQuantity(yarp::os::BufferedPort< yarp::os::Bottle > &port, Eigen::Vector3d &value) are not documented:
  parameter 'port'
  parameter 'value'
/home/travis/build/ocra-recipes/web/ocra-wbi-plugins/ocra-icub-clients/walking-client/include/walking-client/ZmpController.h:166: warning: The following parameters of ZmpController::getFTSensorAdjointMatrix(FOOT whichFoot, Eigen::MatrixXd &T, Eigen::Vector3d &sensorPosition) are not documented:
  parameter 'sensorPosition'
r file ocra-wbi-plugins/ocra-icub-clients/task-operations-demo/src/TaskOpsClient.cpp...
Generating docs for file ocra-wbi-plugins/ocra-icub-clients/walking-client/include/walking-client/WalkingClient.h...
Generating docs for file ocra-wbi-plugins/ocra-icub-clients/walking-client/include/walking-client/ZmpController.h...
Generating docs for file ocra-wbi-plugins/ocra-icub-clients/walking-client/include/walking-client/ZmpPreviewController.h...
Generating docs for file ocra-wbi-plugins/ocra-icub-clients/walking-client/src/WalkingClient.cpp...
Generating docs for file ocra-wbi-plugins/ocra-icub-clients/walking-client/src/ZmpController.cpp...
Generating docs for file ocra-wbi-plugins/ocra-icub-clients/walking-client/src/ZmpPreviewController.cpp...
Generating docs for file ocra-wbi-plugins/ocra-icub-server/include/ocra-icub-server/IcubControllerServer.h...
Generating docs for file ocra-wbi-plugins/ocra-icub-server/include/ocra-icub-server/Module.h...
Generating docs for file ocra-wbi-plugins/ocra-icub-server/include/ocra-icub-server/Thread.h...
Generating docs for file ocra-wbi-plugins/ocra-icub-server/src/IcubControllerServer.cpp...
Generating docs for file ocra-wbi-plugins/ocra-icub-server/src/main.cpp...
Generating docs for file ocra-wbi-plugins/ocra-icub-clients/sitting-demo/src/main.cpp...
Generating docs for file ocra-wbi-plugins/ocra-icub-clients/standing-demo/src/main.cpp...
Generating docs for file ocra-wbi-plugins/ocra-icub-clients/walking-client/src/main.cpp...
Generating docs for file ocra-wbi-plugins/ocra-icub-server/src/Module.cpp...
Generating docs for file ocra-wbi-plugins/ocra-icub-server/src/Thread.cpp...
Generating docs for file ocra-wbi-plugins/ocra-icub/include/ocra-icub/IcubClient.h...
Generating docs for file ocra-wbi-plugins/ocra-icub/include/ocra-icub/ModelInitializer.h...
Generating docs for file ocra-wbi-plugins/ocra-icub/include/ocra-icub/OcraWbiConversions.h...
Generating docs for file ocra-wbi-plugins/ocra-icub/include/ocra-icub/OcraWbiModel.h...
Generating docs for file ocra-wbi-plugins/ocra-icub/include/ocra-icub/Utilities.h...
Generating docs for file ocra-wbi-plugins/ocra-icub/src/ModelInitializer.cpp...
Generating docs for file ocra-wbi-plugins/ocra-icub/src/OcraWbiConversions.cpp...
Generating docs for file ocra-wbi-plugins/ocra-icub/src/OcraWbiModel.cpp...
Generating docs for file ocra-wbi-plugins/ocra-icub/src/Utilities.cpp...
Generating docs for file ocra-wbi-plugins/README.md...
Generating page documentation...
Generating docs for page todo...
Generating docs for page citelist...
Generating group documentation...
Generating class documentation...
Generating docs for compound ExampleClient...
Generating docs for compound IcubControllerServer...
Generating docs for compound Module...
Generating docs for compound OcraControllerOptions...
Generating docs for compound SittingDemoClient...
Generating docs for compound StandingDemoClient...
Generating docs for compound SteppingDemoClient...
Generating docs for compound TaskOpsClient...
Generating docs for compound Thread...
Generating docs for nested compound Thread::ControllerRpcServerCallback...
Generating docs for nested compound Thread::DebugRpcServerCallback...
Generating docs for compound WalkingClient...
Generating docs for compound WalkingParams...
Generating docs for compound ZmpController...
Generating docs for compound ZmpControllerParams...
Generating docs for compound ZmpPreviewController...
Generating docs for compound ZmpPreviewParams...
Generating namespace index...
Generating docs for namespace ocra_icub
Generating docs for compound ocra_icub::ModelInitializer...
Generating docs for compound ocra_icub::OcraWbiConversions...
Generating docs for compound ocra_icub::OcraWbiModel...
Generating docs for nested compound OcraWbiModel::OcraWbiModel_pimpl...
Generating graph info page...
Generating index page...
Generating page index...
Generating module index...
Generating namespace index...
Generating namespace member index...
Generating annotated compound index...
Generating alphabetical compound index...
Generating hierarchical class index...
Generating graphical class hierarchy...
Generating member index...
Generating file index...
Generating file member index...
Generating example index...
finalizing index lists...
Generating dot graphs using 33 parallel threads...
Running dot for graph 1/119
Running dot for graph 2/119
Running dot for graph 3/119
Running dot for graph 4/119
Running dot for graph 5/119
Running dot for graph 6/119
Running dot for graph 7/119
Running dot for graph 8/119
Running dot for graph 9/119
Running dot for graph 10/119
Running dot for graph 11/119
Running dot for graph 12/119
Running dot for graph 13/119
Running dot for graph 14/119
Running dot for graph 15/119
Running dot for graph 16/119
Running dot for graph 17/119
Running dot for graph 18/119
Running dot for graph 19/119
Running dot for graph 20/119
Running dot for graph 21/119
Running dot for graph 22/119
Running dot for graph 23/119
Running dot for graph 24/119
Running dot for graph 25/119
Running dot for graph 26/119
Running dot for graph 27/119
Running dot for graph 28/119
Running dot for graph 29/119
Running dot for graph 30/119
Running dot for graph 31/119
Running dot for graph 32/119
Running dot for graph 33/119
Running dot for graph 34/119
Running dot for graph 35/119
Running dot for graph 36/119
Running dot for graph 37/119
Running dot for graph 38/119
Running dot for graph 39/119
Running dot for graph 40/119
Running dot for graph 41/119
Running dot for graph 42/119
Running dot for graph 43/119
Running dot for graph 44/119
Running dot for graph 45/119
Running dot for graph 46/119
Running dot for graph 47/119
Running dot for graph 48/119
Running dot for graph 49/119
Running dot for graph 50/119
Running dot for graph 51/119
Running dot for graph 52/119
Running dot for graph 53/119
Running dot for graph 54/119
Running dot for graph 55/119
Running dot for graph 56/119
Running dot for graph 57/119
Running dot for graph 58/119
Running dot for graph 59/119
Running dot for graph 60/119
Running dot for graph 61/119
Running dot for graph 62/119
Running dot for graph 63/119
Running dot for graph 64/119
Running dot for graph 65/119
Running dot for graph 66/119
Running dot for graph 67/119
Running dot for graph 68/119
Running dot for graph 69/119
Running dot for graph 70/119
Running dot for graph 71/119
Running dot for graph 72/119
Running dot for graph 73/119
Running dot for graph 74/119
Running dot for graph 75/119
Running dot for graph 76/119
Running dot for graph 77/119
Running dot for graph 78/119
Running dot for graph 79/119
Running dot for graph 80/119
Running dot for graph 81/119
Running dot for graph 82/119
Running dot for graph 83/119
Running dot for graph 84/119
Running dot for graph 85/119
Running dot for graph 86/119
Running dot for graph 87/119
Running dot for graph 88/119
Running dot for graph 89/119
Running dot for graph 90/119
Running dot for graph 91/119
Running dot for graph 92/119
Running dot for graph 93/119
Running dot for graph 94/119
Running dot for graph 95/119
Running dot for graph 96/119
Running dot for graph 97/119
Running dot for graph 98/119
Running dot for graph 99/119
Running dot for graph 100/119
Running dot for graph 101/119
Running dot for graph 102/119
Running dot for graph 103/119
Running dot for graph 104/119
Running dot for graph 105/119
Running dot for graph 106/119
Running dot for graph 107/119
Running dot for graph 108/119
Running dot for graph 109/119
Running dot for graph 110/119
Running dot for graph 111/119
Running dot for graph 112/119
Running dot for graph 113/119
Running dot for graph 114/119
Running dot for graph 115/119
Running dot for graph 116/119
Running dot for graph 117/119
Running dot for graph 118/119
Running dot for graph 119/119
Patching output file 1/146
Patching output file 2/146
Patching output file 3/146
Patching output file 4/146
Patching output file 5/146
Patching output file 6/146
Patching output file 7/146
Patching output file 8/146
Patching output file 9/146
Patching output file 10/146
Patching output file 11/146
Patching output file 12/146
Patching output file 13/146
Patching output file 14/146
Patching output file 15/146
Patching output file 16/146
Patching output file 17/146
Patching output file 18/146
Patching output file 19/146
Patching output file 20/146
Patching output file 21/146
Patching output file 22/146
Patching output file 23/146
Patching output file 24/146
Patching output file 25/146
Patching output file 26/146
Patching output file 27/146
Patching output file 28/146
Patching output file 29/146
Patching output file 30/146
Patching output file 31/146
Patching output file 32/146
Patching output file 33/146
Patching output file 34/146
Patching output file 35/146
Patching output file 36/146
Patching output file 37/146
Patching output file 38/146
Patching output file 39/146
Patching output file 40/146
Patching output file 41/146
Patching output file 42/146
Patching output file 43/146
Patching output file 44/146
Patching output file 45/146
Patching output file 46/146
Patching output file 47/146
Patching output file 48/146
Patching output file 49/146
Patching output file 50/146
Patching output file 51/146
Patching output file 52/146
Patching output file 53/146
Patching output file 54/146
Patching output file 55/146
Patching output file 56/146
Patching output file 57/146
Patching output file 58/146
Patching output file 59/146
Patching output file 60/146
Patching output file 61/146
Patching output file 62/146
Patching output file 63/146
Patching output file 64/146
Patching output file 65/146
Patching output file 66/146
Patching output file 67/146
Patching output file 68/146
Patching output file 69/146
Patching output file 70/146
Patching output file 71/146
Patching output file 72/146
Patching output file 73/146
Patching output file 74/146
Patching output file 75/146
Patching output file 76/146
Patching output file 77/146
Patching output file 78/146
Patching output file 79/146
Patching output file 80/146
Patching output file 81/146
Patching output file 82/146
Patching output file 83/146
Patching output file 84/146
Patching output file 85/146
Patching output file 86/146
Patching output file 87/146
Patching output file 88/146
Patching output file 89/146
Patching output file 90/146
Patching output file 91/146
Patching output file 92/146
Patching output file 93/146
Patching output file 94/146
Patching output file 95/146
Patching output file 96/146
Patching output file 97/146
Patching output file 98/146
Patching output file 99/146
Patching output file 100/146
Patching output file 101/146
Patching output file 102/146
Patching output file 103/146
Patching output file 104/146
Patching output file 105/146
Patching output file 106/146
Patching output file 107/146
Patching output file 108/146
Patching output file 109/146
Patching output file 110/146
Patching output file 111/146
Patching output file 112/146
Patching output file 113/146
Patching output file 114/146
Patching output file 115/146
Patching output file 116/146
Patching output file 117/146
Patching output file 118/146
Patching output file 119/146
Patching output file 120/146
Patching output file 121/146
Patching output file 122/146
Patching output file 123/146
Patching output file 124/146
Patching output file 125/146
Patching output file 126/146
Patching output file 127/146
Patching output file 128/146
Patching output file 129/146
Patching output file 130/146
Patching output file 131/146
Patching output file 132/146
Patching output file 133/146
Patching output file 134/146
Patching output file 135/146
Patching output file 136/146
Patching output file 137/146
Patching output file 138/146
Patching output file 139/146
Patching output file 140/146
Patching output file 141/146
Patching output file 142/146
Patching output file 143/146
Patching output file 144/146
Patching output file 145/146
Patching output file 146/146
symbol cache used 508/65536 hits=24414 misses=508
lookup cache used 635/65536 hits=2078 misses=640
finished...
